<?xml version="1.0" encoding="UTF-8"?>
<!-- Generated by org.testng.reporters.JUnitXMLReporter -->
<testsuite hostname="D-113131039" ignored="0" name="Test" tests="3" failures="0" timestamp="29 Jan 2019 07:23:33 GMT" time="210.963" errors="0">
  <testcase name="GuruLogin" time="91.008" classname="com.sampleProject.testCase.TC_DD_Login"/>
  <testcase name="GuruLogin" time="28.966" classname="com.sampleProject.testCase.TC_DD_Login"/>
  <testcase name="GuruLogin" time="16.856" classname="com.sampleProject.testCase.TC_DD_Login"/>
</testsuite> <!-- Test -->
