<?xml version="1.0" encoding="UTF-8"?>
<testng-results skipped="0" failed="0" ignored="0" total="3" passed="3">
  <reporter-output>
  </reporter-output>
  <suite name="Suite" duration-ms="210963" started-at="2019-01-29T07:20:02Z" finished-at="2019-01-29T07:23:33Z">
    <groups>
    </groups>
    <test name="Test" duration-ms="210963" started-at="2019-01-29T07:20:02Z" finished-at="2019-01-29T07:23:33Z">
      <class name="com.sampleProject.testCase.TC_DD_Login">
        <test-method status="PASS" signature="setup(java.lang.String)[pri:0, instance:com.sampleProject.testCase.TC_DD_Login@553f17c]" name="setup" is-config="true" duration-ms="47650" started-at="2019-01-29T07:20:04Z" finished-at="2019-01-29T07:20:51Z">
          <params>
            <param index="0">
              <value>
                <![CDATA[chrome]]>
              </value>
            </param>
          </params>
          <reporter-output>
          </reporter-output>
        </test-method> <!-- setup -->
        <test-method status="PASS" signature="GuruLogin(java.lang.String, java.lang.String)[pri:0, instance:com.sampleProject.testCase.TC_DD_Login@553f17c]" name="GuruLogin" duration-ms="91008" started-at="2019-01-29T07:20:51Z" data-provider="GURULogin" finished-at="2019-01-29T07:22:22Z">
          <params>
            <param index="0">
              <value>
                <![CDATA[abc]]>
              </value>
            </param>
            <param index="1">
              <value>
                <![CDATA[passabc]]>
              </value>
            </param>
          </params>
          <reporter-output>
          </reporter-output>
        </test-method> <!-- GuruLogin -->
        <test-method status="PASS" signature="tearDown()[pri:0, instance:com.sampleProject.testCase.TC_DD_Login@553f17c]" name="tearDown" is-config="true" duration-ms="1435" started-at="2019-01-29T07:22:22Z" finished-at="2019-01-29T07:22:24Z">
          <reporter-output>
          </reporter-output>
        </test-method> <!-- tearDown -->
        <test-method status="PASS" signature="setup(java.lang.String)[pri:0, instance:com.sampleProject.testCase.TC_DD_Login@553f17c]" name="setup" is-config="true" duration-ms="12018" started-at="2019-01-29T07:22:24Z" finished-at="2019-01-29T07:22:36Z">
          <params>
            <param index="0">
              <value>
                <![CDATA[chrome]]>
              </value>
            </param>
          </params>
          <reporter-output>
          </reporter-output>
        </test-method> <!-- setup -->
        <test-method status="PASS" signature="GuruLogin(java.lang.String, java.lang.String)[pri:0, instance:com.sampleProject.testCase.TC_DD_Login@553f17c]" name="GuruLogin" duration-ms="28966" started-at="2019-01-29T07:22:36Z" data-provider="GURULogin" finished-at="2019-01-29T07:23:05Z">
          <params>
            <param index="0">
              <value>
                <![CDATA[asd]]>
              </value>
            </param>
            <param index="1">
              <value>
                <![CDATA[passasd]]>
              </value>
            </param>
          </params>
          <reporter-output>
          </reporter-output>
        </test-method> <!-- GuruLogin -->
        <test-method status="PASS" signature="tearDown()[pri:0, instance:com.sampleProject.testCase.TC_DD_Login@553f17c]" name="tearDown" is-config="true" duration-ms="1343" started-at="2019-01-29T07:23:05Z" finished-at="2019-01-29T07:23:06Z">
          <reporter-output>
          </reporter-output>
        </test-method> <!-- tearDown -->
        <test-method status="PASS" signature="setup(java.lang.String)[pri:0, instance:com.sampleProject.testCase.TC_DD_Login@553f17c]" name="setup" is-config="true" duration-ms="8012" started-at="2019-01-29T07:23:06Z" finished-at="2019-01-29T07:23:14Z">
          <params>
            <param index="0">
              <value>
                <![CDATA[chrome]]>
              </value>
            </param>
          </params>
          <reporter-output>
          </reporter-output>
        </test-method> <!-- setup -->
        <test-method status="PASS" signature="GuruLogin(java.lang.String, java.lang.String)[pri:0, instance:com.sampleProject.testCase.TC_DD_Login@553f17c]" name="GuruLogin" duration-ms="16856" started-at="2019-01-29T07:23:14Z" data-provider="GURULogin" finished-at="2019-01-29T07:23:31Z">
          <params>
            <param index="0">
              <value>
                <![CDATA[mngr174320]]>
              </value>
            </param>
            <param index="1">
              <value>
                <![CDATA[Anysema]]>
              </value>
            </param>
          </params>
          <reporter-output>
          </reporter-output>
        </test-method> <!-- GuruLogin -->
        <test-method status="PASS" signature="tearDown()[pri:0, instance:com.sampleProject.testCase.TC_DD_Login@553f17c]" name="tearDown" is-config="true" duration-ms="1483" started-at="2019-01-29T07:23:31Z" finished-at="2019-01-29T07:23:33Z">
          <reporter-output>
          </reporter-output>
        </test-method> <!-- tearDown -->
      </class> <!-- com.sampleProject.testCase.TC_DD_Login -->
    </test> <!-- Test -->
  </suite> <!-- Suite -->
</testng-results>
